This file contains any messages produced by compilers while
running configure, to aid debugging if configure makes a mistake.

It was created by Mono.Zeroconf configure 0.9.0, which was
generated by GNU Autoconf 2.67.  Invocation command line was

  $ ./configure --enable-maintainer-mode

## --------- ##
## Platform. ##
## --------- ##

hostname = Aluminium
uname -m = i386
uname -r = 10.4.0
uname -s = Darwin
uname -v = Darwin Kernel Version 10.4.0: Fri Apr 23 18:28:53 PDT 2010; root:xnu-1504.7.4~1/RELEASE_I386

/usr/bin/uname -p = i386
/bin/uname -X     = unknown

/bin/arch              = unknown
/usr/bin/arch -k       = unknown
/usr/convex/getsysinfo = unknown
/usr/bin/hostinfo      = Mach kernel version:
	 Darwin Kernel Version 10.4.0: Fri Apr 23 18:28:53 PDT 2010; root:xnu-1504.7.4~1/RELEASE_I386
Kernel configured for up to 2 processors.
2 processors are physically available.
2 processors are logically available.
Processor type: i486 (Intel 80486)
Processors active: 0 1
Primary memory available: 4.00 gigabytes
Default processor set: 102 tasks, 442 threads, 2 processors
Load average: 1.53, Mach factor: 0.65
/bin/machine           = unknown
/usr/bin/oslevel       = unknown
/bin/universe          = unknown

PATH: /Users/alhafoudh/.rvm/rubies/ruby-1.8.7-p249/bin
PATH: /Users/alhafoudh/.rvm/gems/ruby-1.8.7-p249/bin
PATH: /Users/alhafoudh/.rvm/gems/ruby-1.8.7-p249%global/bin
PATH: /Users/alhafoudh/.rvm/bin
PATH: /Users/alhafoudh/.gem/ruby/1.8/bin
PATH: /opt/local/bin
PATH: /opt/local/sbin
PATH: /Users/alhafoudh/Bin
PATH: /usr/local/mysql/bin
PATH: /usr/bin
PATH: /bin
PATH: /usr/sbin
PATH: /sbin
PATH: /usr/local/bin
PATH: /usr/X11/bin
PATH: /Users/alhafoudh/Downloads/instantclient_10_2
PATH: /usr/local/CrossPack-AVR/bin
PATH: /Library/PostgreSQL/8.3/bin
PATH: /Users/alhafoudh/.ec2/bin


## ----------- ##
## Core tests. ##
## ----------- ##

configure:1778: checking build system type
configure:1792: result: x86_64-apple-darwin10.4.0
configure:1812: checking host system type
configure:1825: result: x86_64-apple-darwin10.4.0
configure:1845: checking target system type
configure:1858: result: x86_64-apple-darwin10.4.0
configure:1902: checking for a BSD-compatible install
configure:1970: result: /opt/local/bin/ginstall -c
configure:1981: checking whether build environment is sane
configure:2031: result: yes
configure:2172: checking for a thread-safe mkdir -p
configure:2211: result: /opt/local/bin/gmkdir -p
configure:2224: checking for gawk
configure:2240: found /opt/local/bin/gawk
configure:2251: result: gawk
configure:2262: checking whether make sets $(MAKE)
configure:2284: result: yes
configure:2359: checking how to create a ustar tar archive
configure:2372: tar --version
bsdtar 2.6.2 - libarchive 2.6.2
configure:2375: $? = 0
configure:2415: tardir=conftest.dir && eval tar --format=ustar -chf - "$tardir" >conftest.tar
configure:2418: $? = 0
configure:2422: tar -xf - <conftest.tar
configure:2425: $? = 0
configure:2438: result: gnutar
configure:2446: checking whether to enable maintainer-specific portions of Makefiles
configure:2455: result: yes
configure:2532: checking for pkg-config
configure:2550: found /opt/local/bin/pkg-config
configure:2562: result: /opt/local/bin/pkg-config
configure:2587: checking pkg-config is at least version 0.9.0
configure:2590: result: yes
configure:2601: checking for MONO_MODULE
configure:2608: $PKG_CONFIG --exists --print-errors "mono >= 1.1.10"
configure:2611: $? = 0
configure:2624: $PKG_CONFIG --exists --print-errors "mono >= 1.1.10"
configure:2627: $? = 0
configure:2684: result: yes
configure:2694: checking for gmcs
configure:2712: found /usr/bin/gmcs
configure:2725: result: /usr/bin/gmcs
configure:2745: checking for mono
configure:2763: found /usr/bin/mono
configure:2776: result: /usr/bin/mono
configure:2803: checking for monodocer
configure:2821: found /usr/bin/monodocer
configure:2834: result: /usr/bin/monodocer
configure:2848: checking for mdassembler
configure:2866: found /usr/bin/mdassembler
configure:2879: result: /usr/bin/mdassembler
configure:2920: checking for Mono 2.0 GAC for System.dll
configure:2926: result: found
configure:2920: checking for Mono 2.0 GAC for System.Web.dll
configure:2926: result: found
configure:2939: checking for gacutil
configure:2957: found /usr/bin/gacutil
configure:2970: result: /usr/bin/gacutil
configure:2984: checking for al2
configure:3002: found /usr/bin/al2
configure:3015: result: /usr/bin/al2
configure:3273: creating ./config.status

## ---------------------- ##
## Running config.status. ##
## ---------------------- ##

This file was extended by Mono.Zeroconf config.status 0.9.0, which was
generated by GNU Autoconf 2.67.  Invocation command line was

  CONFIG_FILES    = 
  CONFIG_HEADERS  = 
  CONFIG_LINKS    = 
  CONFIG_COMMANDS = 
  $ ./config.status 

on Aluminium

config.status:799: creating Makefile
config.status:799: creating src/Makefile
config.status:799: creating src/policy.config
config.status:799: creating src/mono-zeroconf.pc
config.status:799: creating src/Mono.Zeroconf/Makefile
config.status:799: creating src/Mono.Zeroconf.Providers.Bonjour/Makefile
config.status:799: creating src/Mono.Zeroconf.Providers.Bonjour/Mono.Zeroconf.Providers.Bonjour.dll.config
config.status:799: creating src/Mono.Zeroconf.Providers.Avahi/Makefile
config.status:799: creating src/Mono.Zeroconf.Providers.AvahiDBus/Makefile
config.status:799: creating src/MZClient/Makefile
config.status:799: creating src/MZClient/mzclient
config.status:799: creating docs/Makefile

## ---------------- ##
## Cache variables. ##
## ---------------- ##

ac_cv_build=x86_64-apple-darwin10.4.0
ac_cv_env_MONO_MODULE_CFLAGS_set=
ac_cv_env_MONO_MODULE_CFLAGS_value=
ac_cv_env_MONO_MODULE_LIBS_set=
ac_cv_env_MONO_MODULE_LIBS_value=
ac_cv_env_PKG_CONFIG_LIBDIR_set=
ac_cv_env_PKG_CONFIG_LIBDIR_value=
ac_cv_env_PKG_CONFIG_PATH_set=set
ac_cv_env_PKG_CONFIG_PATH_value=/Library/Frameworks/Mono.framework/Libraries/pkgconfig
ac_cv_env_PKG_CONFIG_set=
ac_cv_env_PKG_CONFIG_value=
ac_cv_env_build_alias_set=
ac_cv_env_build_alias_value=
ac_cv_env_host_alias_set=
ac_cv_env_host_alias_value=
ac_cv_env_target_alias_set=
ac_cv_env_target_alias_value=
ac_cv_host=x86_64-apple-darwin10.4.0
ac_cv_path_AL=/usr/bin/al2
ac_cv_path_GACUTIL=/usr/bin/gacutil
ac_cv_path_MCS=/usr/bin/gmcs
ac_cv_path_MDASSEMBLER=/usr/bin/mdassembler
ac_cv_path_MONO=/usr/bin/mono
ac_cv_path_MONODOCER=/usr/bin/monodocer
ac_cv_path_ac_pt_PKG_CONFIG=/opt/local/bin/pkg-config
ac_cv_path_install='/opt/local/bin/ginstall -c'
ac_cv_path_mkdir=/opt/local/bin/gmkdir
ac_cv_prog_AWK=gawk
ac_cv_prog_make_make_set=yes
ac_cv_target=x86_64-apple-darwin10.4.0
am_cv_prog_tar_ustar=gnutar
pkg_cv_MONO_MODULE_CFLAGS='-D_THREAD_SAFE -I/Library/Frameworks/Mono.framework/Versions/2.6.7/include/mono-1.0  '
pkg_cv_MONO_MODULE_LIBS='-pthread -L/Library/Frameworks/Mono.framework/Versions/2.6.7/lib -lmono -lpthread -lm  '

## ----------------- ##
## Output variables. ##
## ----------------- ##

ACLOCAL='${SHELL} /Users/alhafoudh/Projects/zeroshare/Mono.Zeroconf/missing --run aclocal-1.11'
AL='/usr/bin/al2'
AMTAR='${SHELL} /Users/alhafoudh/Projects/zeroshare/Mono.Zeroconf/missing --run tar'
API_VERSION='4.0.0.90'
AUTOCONF='${SHELL} /Users/alhafoudh/Projects/zeroshare/Mono.Zeroconf/missing --run autoconf'
AUTOHEADER='${SHELL} /Users/alhafoudh/Projects/zeroshare/Mono.Zeroconf/missing --run autoheader'
AUTOMAKE='${SHELL} /Users/alhafoudh/Projects/zeroshare/Mono.Zeroconf/missing --run automake-1.11'
AVAHI_LIBS='-r:Mono.Posix'
AWK='gawk'
BUILD_AVAHI_FALSE='#'
BUILD_AVAHI_TRUE=''
BUILD_DOCS_FALSE='#'
BUILD_DOCS_TRUE=''
BUILD_MDNSRESPONDER_FALSE='#'
BUILD_MDNSRESPONDER_TRUE=''
CYGPATH_W='echo'
DEFS='-DPACKAGE_NAME=\"Mono.Zeroconf\" -DPACKAGE_TARNAME=\"mono-zeroconf\" -DPACKAGE_VERSION=\"0.9.0\" -DPACKAGE_STRING=\"Mono.Zeroconf\ 0.9.0\" -DPACKAGE_BUGREPORT=\"\" -DPACKAGE_URL=\"\" -DPACKAGE=\"mono-zeroconf\" -DVERSION=\"0.9.0\"'
DISTCHECK_CONFIGURE_FLAGS='--disable-docs'
DOCDIR='/Library/Frameworks/Mono.framework/Versions/2.6.7/lib/monodoc/sources'
ECHO_C=''
ECHO_N='-n'
ECHO_T=''
GACUTIL='/usr/bin/gacutil'
GACUTIL_FLAGS='-package $(PACKAGE) -root $(DESTDIR)$(prefix)/lib'
GACUTIL_POLICY_FLAGS='-root $(DESTDIR)$(prefix)/lib'
INSTALL_DATA='${INSTALL} -m 644'
INSTALL_PROGRAM='${INSTALL}'
INSTALL_SCRIPT='${INSTALL}'
INSTALL_STRIP_PROGRAM='$(install_sh) -c -s'
LIBOBJS=''
LIBS=''
LTLIBOBJS=''
MAINT=''
MAINTAINER_MODE_FALSE='#'
MAINTAINER_MODE_TRUE=''
MAKEINFO='${SHELL} /Users/alhafoudh/Projects/zeroshare/Mono.Zeroconf/missing --run makeinfo'
MCS='/usr/bin/gmcs'
MDASSEMBLER='/usr/bin/mdassembler'
MKDIR_P='/opt/local/bin/gmkdir -p'
MONO='/usr/bin/mono'
MONODOCER='/usr/bin/monodocer'
MONO_MODULE_CFLAGS='-D_THREAD_SAFE -I/Library/Frameworks/Mono.framework/Versions/2.6.7/include/mono-1.0  '
MONO_MODULE_LIBS='-pthread -L/Library/Frameworks/Mono.framework/Versions/2.6.7/lib -lmono -lpthread -lm  '
PACKAGE='mono-zeroconf'
PACKAGE_BUGREPORT=''
PACKAGE_NAME='Mono.Zeroconf'
PACKAGE_STRING='Mono.Zeroconf 0.9.0'
PACKAGE_TARNAME='mono-zeroconf'
PACKAGE_URL=''
PACKAGE_VERSION='0.9.0'
PATH_SEPARATOR=':'
PKG_CONFIG='/opt/local/bin/pkg-config'
PKG_CONFIG_LIBDIR=''
PKG_CONFIG_PATH='/Library/Frameworks/Mono.framework/Libraries/pkgconfig'
POLICY_VERSIONS='1.0 2.0 3.0 4.0'
SET_MAKE=''
SHELL='/bin/sh'
STRIP=''
VERSION='0.9.0'
am__isrc=''
am__leading_dot='.'
am__tar='tar --format=ustar -chf - "$$tardir"'
am__untar='tar -xf -'
bindir='${exec_prefix}/bin'
build='x86_64-apple-darwin10.4.0'
build_alias=''
build_cpu='x86_64'
build_os='darwin10.4.0'
build_vendor='apple'
datadir='${datarootdir}'
datarootdir='${prefix}/share'
docdir='${datarootdir}/doc/${PACKAGE_TARNAME}'
dvidir='${docdir}'
exec_prefix='${prefix}'
expanded_libdir='/usr/local/lib'
host='x86_64-apple-darwin10.4.0'
host_alias=''
host_cpu='x86_64'
host_os='darwin10.4.0'
host_vendor='apple'
htmldir='${docdir}'
includedir='${prefix}/include'
infodir='${datarootdir}/info'
install_sh='${SHELL} /Users/alhafoudh/Projects/zeroshare/Mono.Zeroconf/install-sh'
libdir='${exec_prefix}/lib'
libexecdir='${exec_prefix}/libexec'
localedir='${datarootdir}/locale'
localstatedir='${prefix}/var'
mandir='${datarootdir}/man'
mdns_target_library='libc'
mkdir_p='/opt/local/bin/gmkdir -p'
oldincludedir='/usr/include'
pdfdir='${docdir}'
prefix='/usr/local'
program_transform_name='s,x,x,'
psdir='${docdir}'
sbindir='${exec_prefix}/sbin'
sharedstatedir='${prefix}/com'
sysconfdir='${prefix}/etc'
target='x86_64-apple-darwin10.4.0'
target_alias=''
target_cpu='x86_64'
target_os='darwin10.4.0'
target_vendor='apple'

## ----------- ##
## confdefs.h. ##
## ----------- ##

/* confdefs.h */
#define PACKAGE_NAME "Mono.Zeroconf"
#define PACKAGE_TARNAME "mono-zeroconf"
#define PACKAGE_VERSION "0.9.0"
#define PACKAGE_STRING "Mono.Zeroconf 0.9.0"
#define PACKAGE_BUGREPORT ""
#define PACKAGE_URL ""
#define PACKAGE "mono-zeroconf"
#define VERSION "0.9.0"

configure: exit 0
